ials-gpu030 slots=1
1

WELCOME TO TEUKOLSKY CODE!

 tr_c[N / 2] = 9.975 
 ttheta[M / 2] = 1 
GDD turns on...
	done.
0.000000 0.97531 
0.344276 0.968018 
0.688553 0.93335 
1.032829 0.907251 
1.377106 0.894277 
1.721382 0.883517 
2.065659 0.872558 
2.409935 0.861231 
2.754211 0.849524 
3.098488 0.837433 
3.442764 0.824955 
3.787041 0.812088 
4.131317 0.79883 
4.475594 0.785183 
4.819870 0.771148 
5.164146 0.756729 
5.508423 0.74193 
5.852699 0.726759 
6.196976 0.711223 
6.541252 0.695333 
6.885529 0.6791 
7.229805 0.662538 
7.574081 0.645662 
7.918358 0.628488 
8.262634 0.611035 
8.606911 0.593324 
8.951187 0.575374 
9.295464 0.557209 
9.639740 0.538854 
9.984016 0.520332 
10.328293 0.501671 
10.672569 0.482898 
11.016846 0.46404 
11.361122 0.445125 
11.705399 0.426184 
12.049675 0.407245 
12.393951 0.388337 
12.738228 0.369491 
13.082504 0.350734 
13.426781 0.332097 
13.771057 0.313608 
14.115334 0.295295 
14.459610 0.277185 
14.803886 0.259305 
15.148163 0.24168 
15.492439 0.224335 
15.836716 0.207294 
16.180992 0.190578 
16.525269 0.17421 
16.869545 0.158208 
17.213821 0.14259 
17.558098 0.127375 
17.902374 0.112577 
18.246651 0.0982101 
18.590927 0.084287 
18.935204 0.0708187 
19.279480 0.0578146 
19.623756 0.0452829 
19.968033 0.0332301 
20.312309 0.0216613 
20.656586 0.0105804 
21.000862 -1.04203e-05 
21.345139 -0.01011 
21.689415 -0.0197186 
22.033691 -0.0288377 
22.377968 -0.0374699 
22.722244 -0.0456191 
23.066521 -0.05329 
23.410797 -0.0604886 
23.755074 -0.0672215 
24.099350 -0.0734966 
24.443626 -0.0793223 
24.787903 -0.0847079 
25.132179 -0.0896633 
25.476456 -0.0941992 
25.820732 -0.0983267 
26.165009 -0.102057 
26.509285 -0.105404 
26.853561 -0.108378 
27.197838 -0.110993 
27.542114 -0.113262 
27.886391 -0.115198 
28.230667 -0.116815 
28.574944 -0.118127 
28.919220 -0.119147 
29.263496 -0.119889 
29.607773 -0.120368 
29.952049 -0.120595 
30.296326 -0.120587 
30.640602 -0.120355 
30.984879 -0.119913 
31.329155 -0.119275 
31.673431 -0.118454 
32.017708 -0.117461 
32.361984 -0.116311 
32.706261 -0.115014 
33.050537 -0.113584 
33.394814 -0.11203 
33.739090 -0.110366 
34.083366 -0.108602 
34.427643 -0.106747 
34.771919 -0.104813 
35.116196 -0.10281 
35.460472 -0.100746 
35.804749 -0.0986301 
36.149025 -0.096472 
36.493301 -0.0942795 
36.837578 -0.0920603 
37.181854 -0.089822 
37.526131 -0.0875715 
37.870407 -0.0853156 
38.214684 -0.0830604 
38.558960 -0.080812 
38.903236 -0.0785757 
39.247513 -0.0763568 
39.591789 -0.07416 
39.936066 -0.0719897 
40.280342 -0.06985 
40.624619 -0.0677446 
40.968895 -0.065677 
41.313171 -0.0636502 
41.657448 -0.061667 
42.001724 -0.0597299 
42.346001 -0.0578412 
42.690277 -0.0560026 
43.034554 -0.0542159 
43.378830 -0.0524825 
43.723106 -0.0508035 
44.067383 -0.0491799 
44.411659 -0.0476124 
44.755936 -0.0461015 
45.100212 -0.0446475 
45.444489 -0.0432505 
45.788765 -0.0419106 
46.133041 -0.0406274 
46.477318 -0.0394007 
46.821594 -0.0382299 
47.165871 -0.0371144 
47.510147 -0.0360535 
47.854424 -0.0350463 
48.198700 -0.0340917 
48.542976 -0.0331889 
48.887253 -0.0323366 
49.231529 -0.0315336 
49.575806 -0.0307786 
49.920082 -0.0300703 
50.264359 -0.0294073 
50.608635 -0.0287882 
50.952911 -0.0282116 
51.297188 -0.0276758 
51.641464 -0.0271794 
51.985741 -0.0267208 
52.330017 -0.0262986 
52.674294 -0.0259111 
53.018570 -0.0255568 
53.362846 -0.0252341 
53.707123 -0.0249414 
54.051399 -0.0246774 
54.395676 -0.0244403 
54.739952 -0.0242288 
55.084229 -0.0240414 
55.428505 -0.0238765 
55.772781 -0.0237329 
56.117058 -0.023609 
56.461334 -0.0235036 
56.805611 -0.0234153 
57.149887 -0.0233428 
57.494164 -0.023285 
57.838440 -0.0232405 
58.182716 -0.0232082 
58.526993 -0.0231871 
58.871269 -0.0231759 
59.215546 -0.0231737 
59.559822 -0.0231796 
59.904099 -0.0231924 
60.248375 -0.0232114 
60.592651 -0.0232356 
60.936928 -0.0232643 
61.281204 -0.0232966 
61.625481 -0.0233318 
61.969757 -0.0233693 
62.314034 -0.0234084 
62.658310 -0.0234485 
63.002586 -0.0234889 
63.346863 -0.0235293 
63.691139 -0.023569 
64.035416 -0.0236077 
64.379692 -0.0236448 
64.723969 -0.0236801 
65.068245 -0.0237132 
65.412521 -0.0237437 
65.756798 -0.0237714 
66.101074 -0.023796 
66.445351 -0.0238173 
66.789627 -0.0238351 
67.133904 -0.0238492 
67.478180 -0.0238595 
67.822456 -0.0238659 
68.166733 -0.0238682 
68.511009 -0.0238664 
68.855286 -0.0238605 
69.199562 -0.0238503 
69.543839 -0.023836 
69.888115 -0.0238174 
70.232391 -0.0237946 
70.576668 -0.0237676 
70.920944 -0.0237365 
71.265221 -0.0237014 
71.609497 -0.0236622 
71.953773 -0.0236191 
72.298050 -0.0235722 
72.642326 -0.0235216 
72.986603 -0.0234673 
73.330879 -0.0234096 
73.675156 -0.0233484 
74.019432 -0.0232839 
74.363708 -0.0232164 
74.707985 -0.0231458 
75.052261 -0.0230724 
75.396538 -0.0229962 
75.740814 -0.0229174 
76.085091 -0.0228362 
76.429367 -0.0227527 
76.773643 -0.0226671 
77.117920 -0.0225794 
77.462196 -0.0224898 
77.806473 -0.0223986 
78.150749 -0.0223057 
78.495026 -0.0222114 
78.839302 -0.0221157 
79.183578 -0.0220189 
79.527855 -0.021921 
79.872131 -0.0218223 
80.216408 -0.0217227 
80.560684 -0.0216224 
80.904961 -0.0215215 
81.249237 -0.0214202 
81.593513 -0.0213186 
81.937790 -0.0212167 
82.282066 -0.0211147 
82.626343 -0.0210127 
82.970619 -0.0209107 
83.314896 -0.0208089 
83.659172 -0.0207072 
84.003448 -0.0206059 
84.347725 -0.020505 
84.692001 -0.0204045 
85.036278 -0.0203045 
85.380554 -0.0202052 
85.724831 -0.0201064 
86.069107 -0.0200084 
86.413383 -0.0199111 
86.757660 -0.0198146 
87.101936 -0.0197189 
87.446213 -0.0196241 
87.790489 -0.0195302 
88.134766 -0.0194372 
88.479042 -0.0193452 
88.823318 -0.0192542 
89.167595 -0.0191642 
89.511871 -0.0190753 
89.856148 -0.0189873 
90.200424 -0.0189005 
90.544701 -0.0188147 
90.888977 -0.01873 
91.233253 -0.0186464 
91.577530 -0.0185638 
91.921806 -0.0184824 
92.266083 -0.018402 
92.610359 -0.0183227 
92.954636 -0.0182445 
93.298912 -0.0181674 
93.643188 -0.0180913 
93.987465 -0.0180163 
94.331741 -0.0179423 
94.676018 -0.0178693 
95.020294 -0.0177973 
95.364571 -0.0177263 
95.708847 -0.0176564 
96.053123 -0.0175873 
96.397400 -0.0175193 
96.741676 -0.0174521 
97.085953 -0.0173859 
97.430229 -0.0173205 
97.774506 -0.017256 
98.118782 -0.0171924 
98.463058 -0.0171296 
98.807335 -0.0170676 
99.151611 -0.0170064 
99.495888 -0.016946 
99.840164 -0.0168863 
100.184441 -0.0168273 
100.528717 -0.016769 
100.872993 -0.0167115 
101.217270 -0.0166546 
101.561546 -0.0165983 
101.905823 -0.0165427 
102.250099 -0.0164876 
102.594376 -0.0164332 
102.938652 -0.0163793 
103.282928 -0.016326 
103.627205 -0.0162732 
103.971481 -0.0162209 
104.315758 -0.0161692 
104.660034 -0.0161179 
105.004311 -0.016067 
105.348587 -0.0160167 
105.692863 -0.0159667 
106.037140 -0.0159172 
106.381416 -0.0158681 
106.725693 -0.0158193 
107.069969 -0.015771 
107.414246 -0.015723 
107.758522 -0.0156754 
108.102798 -0.0156281 
108.447075 -0.0155811 
108.791351 -0.0155345 
109.135628 -0.0154882 
109.479904 -0.0154421 
109.824181 -0.0153964 
110.168457 -0.015351 
110.512733 -0.0153058 
110.857010 -0.0152609 
111.201286 -0.0152162 
111.545563 -0.0151718 
111.889839 -0.0151277 
112.234116 -0.0150838 
112.578392 -0.0150401 
112.922668 -0.0149967 
113.266945 -0.0149534 
113.611221 -0.0149104 
113.955498 -0.0148677 
114.299774 -0.0148251 
114.644051 -0.0147827 
114.988327 -0.0147406 
115.332603 -0.0146986 
115.676880 -0.0146568 
116.021156 -0.0146153 
116.365433 -0.0145739 
116.709709 -0.0145327 
117.053986 -0.0144917 
117.398262 -0.0144509 
117.742538 -0.0144103 
118.086815 -0.0143698 
118.431091 -0.0143296 
118.775368 -0.0142895 
119.119644 -0.0142496 
119.463921 -0.0142099 
119.808197 -0.0141704 
120.152473 -0.014131 
120.496750 -0.0140918 
120.841026 -0.0140528 
121.185303 -0.014014 
121.529579 -0.0139754 
121.873856 -0.0139369 
122.218132 -0.0138986 
122.562408 -0.0138605 
122.906685 -0.0138225 
123.250961 -0.0137848 
123.595238 -0.0137472 
123.939514 -0.0137098 
124.283791 -0.0136725 
124.628067 -0.0136355 
124.972343 -0.0135986 
125.316620 -0.0135619 
125.660896 -0.0135253 
126.005173 -0.013489 
126.349449 -0.0134528 
126.693726 -0.0134168 
127.038002 -0.0133809 
127.382278 -0.0133453 
127.726555 -0.0133098 
128.070831 -0.0132745 
128.415108 -0.0132393 
128.759384 -0.0132044 
129.103661 -0.0131696 
129.447937 -0.013135 
129.792213 -0.0131005 
130.136490 -0.0130663 
130.480766 -0.0130322 
130.825043 -0.0129983 
131.169319 -0.0129645 
131.513596 -0.0129309 
131.857872 -0.0128975 
132.202148 -0.0128643 
132.546425 -0.0128312 
132.890701 -0.0127983 
133.234978 -0.0127656 
133.579254 -0.012733 
133.923531 -0.0127007 
134.267807 -0.0126684 
134.612083 -0.0126364 
134.956360 -0.0126045 
135.300636 -0.0125727 
135.644913 -0.0125412 
135.989189 -0.0125098 
136.333466 -0.0124785 
136.677742 -0.0124475 
137.022018 -0.0124165 
137.366295 -0.0123858 
137.710571 -0.0123552 
138.054848 -0.0123247 
138.399124 -0.0122944 
138.743401 -0.0122643 
139.087677 -0.0122343 
139.431953 -0.0122045 
139.776230 -0.0121748 
140.120506 -0.0121453 
140.464783 -0.0121159 
140.809059 -0.0120867 
141.153336 -0.0120576 
141.497612 -0.0120286 
141.841888 -0.0119998 
142.186165 -0.0119712 
142.530441 -0.0119427 
142.874718 -0.0119143 
143.218994 -0.0118861 
143.563271 -0.011858 
143.907547 -0.0118301 
144.251823 -0.0118023 
144.596100 -0.0117746 
144.940376 -0.011747 
145.284653 -0.0117196 
145.628929 -0.0116924 
145.973206 -0.0116652 
146.317482 -0.0116382 
146.661758 -0.0116113 
147.006035 -0.0115846 
147.350311 -0.011558 
147.694588 -0.0115315 
148.038864 -0.0115051 
148.383141 -0.0114789 
148.727417 -0.0114527 
149.071693 -0.0114267 
149.415970 -0.0114009 
149.760246 -0.0113751 
150.104523 -0.0113495 
150.448799 -0.0113239 
150.793076 -0.0112985 
151.137352 -0.0112733 
151.481628 -0.0112481 
151.825905 -0.011223 
152.170181 -0.0111981 
152.514458 -0.0111733 
152.858734 -0.0111485 
153.203011 -0.0111239 
153.547287 -0.0110994 
153.891563 -0.0110751 
154.235840 -0.0110508 
154.580116 -0.0110266 
154.924393 -0.0110025 
155.268669 -0.0109786 
155.612946 -0.0109547 
155.957222 -0.010931 
156.301498 -0.0109073 
156.645775 -0.0108838 
156.990051 -0.0108604 
157.334328 -0.010837 
157.678604 -0.0108138 
158.022881 -0.0107907 
158.367157 -0.0107676 
158.711433 -0.0107447 
159.055710 -0.0107219 
159.399986 -0.0106991 
159.744263 -0.0106765 
160.088539 -0.0106539 
160.432816 -0.0106315 
160.777092 -0.0106091 
161.121368 -0.0105869 
161.465645 -0.0105647 
161.809921 -0.0105426 
162.154198 -0.0105206 
162.498474 -0.0104987 
162.842751 -0.0104769 
163.187027 -0.0104552 
163.531303 -0.0104336 
163.875580 -0.0104121 
164.219856 -0.0103906 
164.564133 -0.0103693 
164.908409 -0.010348 
165.252686 -0.0103268 
165.596962 -0.0103057 
165.941238 -0.0102847 
166.285515 -0.0102638 
166.629791 -0.010243 
166.974068 -0.0102222 
167.318344 -0.0102015 
167.662621 -0.010181 
168.006897 -0.0101605 
168.351173 -0.01014 
168.695450 -0.0101197 
169.039726 -0.0100995 
169.384003 -0.0100793 
169.728279 -0.0100592 
170.072556 -0.0100392 
170.416832 -0.0100192 
170.761108 -0.0099994 
171.105385 -0.00997962 
171.449661 -0.00995993 
171.793938 -0.00994031 
172.138214 -0.00992077 
172.482491 -0.00990131 
172.826767 -0.00988192 
173.171043 -0.00986261 
173.515320 -0.00984337 
173.859596 -0.00982421 
174.203873 -0.00980513 
174.548149 -0.00978612 
174.892426 -0.00976718 
175.236702 -0.00974832 
175.580978 -0.00972953 
175.925255 -0.00971081 
176.269531 -0.00969217 
176.613808 -0.00967359 
176.958084 -0.00965509 
177.302361 -0.00963666 
177.646637 -0.0096183 
177.990913 -0.00960001 
178.335190 -0.00958179 
178.679466 -0.00956364 
179.023743 -0.00954556 
179.368019 -0.00952755 
179.712296 -0.0095096 
180.056572 -0.00949173 
180.400848 -0.00947392 
180.745125 -0.00945618 
181.089401 -0.0094385 
181.433678 -0.00942089 
181.777954 -0.00940335 
182.122231 -0.00938588 
182.466507 -0.00936847 
182.810783 -0.00935112 
183.155060 -0.00933384 
183.499336 -0.00931662 
183.843613 -0.00929947 
184.187889 -0.00928238 
184.532166 -0.00926535 
184.876442 -0.00924839 
185.220718 -0.00923149 
185.564995 -0.00921465 
185.909271 -0.00919787 
186.253548 -0.00918116 
186.597824 -0.0091645 
186.942101 -0.00914791 
187.286377 -0.00913137 
187.630653 -0.0091149 
187.974930 -0.00909849 
188.319206 -0.00908213 
188.663483 -0.00906584 
189.007759 -0.0090496 
189.352036 -0.00903342 
189.696312 -0.00901731 
190.040588 -0.00900124 
190.384865 -0.00898524 
190.729141 -0.00896929 
191.073418 -0.0089534 
191.417694 -0.00893757 
191.761971 -0.00892179 
192.106247 -0.00890607 
192.450523 -0.00889041 
192.794800 -0.0088748 
193.139076 -0.00885925 
193.483353 -0.00884375 
193.827629 -0.0088283 
194.171905 -0.00881291 
194.516182 -0.00879757 
194.860458 -0.00878229 
195.204735 -0.00876706 
195.549011 -0.00875188 
195.893288 -0.00873676 
196.237564 -0.00872169 
196.581840 -0.00870667 
196.926117 -0.0086917 
197.270393 -0.00867679 
197.614670 -0.00866193 
197.958946 -0.00864711 
198.303223 -0.00863235 
198.647499 -0.00861764 
